<?xml version="1.0" encoding="UTF-8"?>
<!-- Generated by org.testng.reporters.JUnitReportReporter -->
<testsuite hostname="Nemo" failures="0" tests="7" name="com.testNGRunner.Invocation" time="33.686" errors="0" timestamp="2024-11-21T23:55:34 IST" skipped="0">
  <testcase classname="com.testNGRunner.Invocation" name="ChromeBrowser" time="3.434"/>
  <system-out/>
  <testcase classname="com.testNGRunner.Invocation" name="ChromeBrowser" time="6.974"/>
  <system-out/>
  <testcase classname="com.testNGRunner.Invocation" name="ChromeBrowser" time="3.270"/>
  <system-out/>
  <testcase classname="com.testNGRunner.Invocation" name="ChromeBrowser" time="3.119"/>
  <system-out/>
  <testcase classname="com.testNGRunner.Invocation" name="ChromeBrowser" time="3.304"/>
  <system-out/>
  <testcase classname="com.testNGRunner.Invocation" name="FirefoxBrowser" time="9.501"/>
  <system-out/>
  <testcase classname="com.testNGRunner.Invocation" name="EdgeBrowser" time="4.084"/>
  <system-out/>
</testsuite> <!-- com.testNGRunner.Invocation -->
