<?xml version="1.0" encoding="UTF-8"?>
<!-- Generated by org.testng.reporters.JUnitReportReporter -->
<testsuite hostname="Nemo" failures="0" tests="4" name="com.testNGRunner.RunnerClass" time="14.731" errors="0" timestamp="2024-11-21T01:26:41 IST" skipped="0">
  <testcase classname="com.testNGRunner.RunnerClass" name="invalidLoginTest2" time="0.864"/>
  <system-out/>
  <testcase classname="com.testNGRunner.RunnerClass" name="validLoginTest" time="5.342"/>
  <system-out/>
  <testcase classname="com.testNGRunner.RunnerClass" name="invalidLoginTest3" time="1.818"/>
  <system-out/>
  <testcase classname="com.testNGRunner.RunnerClass" name="invalidLoginTest1" time="6.707"/>
  <system-out/>
</testsuite> <!-- com.testNGRunner.RunnerClass -->
